<?xml version="1.0" encoding="UTF-8"?>
<testsuite name="com.example.springboot.SpringbootApplicationTests" tests="1" skipped="0" failures="0" errors="0" timestamp="2022-05-14T20:23:51" hostname="MacBook-Pro-de-Rafael.local" time="0.117">
  <properties/>
  <testcase name="contextLoads()" classname="com.example.springboot.SpringbootApplicationTests" time="0.117"/>
  <system-out><![CDATA[17:23:47.639 [Test worker] DEBUG org.springframework.test.context.BootstrapUtils - Instantiating CacheAwareContextLoaderDelegate from class [org.springframework.test.context.cache.DefaultCacheAwareContextLoaderDelegate]
17:23:47.645 [Test worker] DEBUG org.springframework.test.context.BootstrapUtils - Instantiating BootstrapContext using constructor [public org.springframework.test.context.support.DefaultBootstrapContext(java.lang.Class,org.springframework.test.context.CacheAwareContextLoaderDelegate)]
17:23:47.670 [Test worker] DEBUG org.springframework.test.context.BootstrapUtils - Instantiating TestContextBootstrapper for test class [com.example.springboot.SpringbootApplicationTests] from class [org.springframework.boot.test.context.SpringBootTestContextBootstrapper]
17:23:47.679 [Test worker] INFO org.springframework.boot.test.context.SpringBootTestContextBootstrapper - Neither @ContextConfiguration nor @ContextHierarchy found for test class [com.example.springboot.SpringbootApplicationTests], using SpringBootContextLoader
17:23:47.682 [Test worker] DEBUG org.springframework.test.context.support.AbstractContextLoader - Did not detect default resource location for test class [com.example.springboot.SpringbootApplicationTests]: class path resource [com/example/springboot/SpringbootApplicationTests-context.xml] does not exist
17:23:47.682 [Test worker] DEBUG org.springframework.test.context.support.AbstractContextLoader - Did not detect default resource location for test class [com.example.springboot.SpringbootApplicationTests]: class path resource [com/example/springboot/SpringbootApplicationTestsContext.groovy] does not exist
17:23:47.683 [Test worker] INFO org.springframework.test.context.support.AbstractContextLoader - Could not detect default resource locations for test class [com.example.springboot.SpringbootApplicationTests]: no resource found for suffixes {-context.xml, Context.groovy}.
17:23:47.683 [Test worker] INFO org.springframework.test.context.support.AnnotationConfigContextLoaderUtils - Could not detect default configuration classes for test class [com.example.springboot.SpringbootApplicationTests]: SpringbootApplicationTests does not declare any static, non-private, non-final, nested classes annotated with @Configuration.
17:23:47.713 [Test worker] DEBUG org.springframework.test.context.support.ActiveProfilesUtils - Could not find an 'annotation declaring class' for annotation type [org.springframework.test.context.ActiveProfiles] and class [com.example.springboot.SpringbootApplicationTests]
17:23:47.755 [Test worker] DEBUG org.springframework.context.annotation.ClassPathScanningCandidateComponentProvider - Identified candidate component class: file [/Users/rdetoni/Code/Personal/springboot/build/classes/java/main/com/example/springboot/SpringbootApplication.class]
17:23:47.756 [Test worker] INFO org.springframework.boot.test.context.SpringBootTestContextBootstrapper - Found @SpringBootConfiguration com.example.springboot.SpringbootApplication for test class com.example.springboot.SpringbootApplicationTests
17:23:47.815 [Test worker] DEBUG org.springframework.boot.test.context.SpringBootTestContextBootstrapper - @TestExecutionListeners is not present for class [com.example.springboot.SpringbootApplicationTests]: using defaults.
17:23:47.815 [Test worker] INFO org.springframework.boot.test.context.SpringBootTestContextBootstrapper - Loaded default TestExecutionListener class names from location [META-INF/spring.factories]: [org.springframework.security.test.context.support.WithSecurityContextTestExecutionListener, org.springframework.security.test.context.support.ReactorContextTestExecutionListener, org.springframework.boot.test.autoconfigure.restdocs.RestDocsTestExecutionListener, org.springframework.boot.test.autoconfigure.web.client.MockRestServiceServerResetTestExecutionListener, org.springframework.boot.test.autoconfigure.web.servlet.MockMvcPrintOnlyOnFailureTestExecutionListener, org.springframework.boot.test.autoconfigure.web.servlet.WebDriverTestExecutionListener, org.springframework.boot.test.autoconfigure.webservices.client.MockWebServiceServerTestExecutionListener, org.springframework.boot.test.mock.mockito.MockitoTestExecutionListener, org.springframework.boot.test.mock.mockito.ResetMocksTestExecutionListener, org.springframework.test.context.web.ServletTestExecutionListener, org.springframework.test.context.support.DirtiesContextBeforeModesTestExecutionListener, org.springframework.test.context.event.ApplicationEventsTestExecutionListener, org.springframework.test.context.support.DependencyInjectionTestExecutionListener, org.springframework.test.context.support.DirtiesContextTestExecutionListener, org.springframework.test.context.transaction.TransactionalTestExecutionListener, org.springframework.test.context.jdbc.SqlScriptsTestExecutionListener, org.springframework.test.context.event.EventPublishingTestExecutionListener]
17:23:47.826 [Test worker] INFO org.springframework.boot.test.context.SpringBootTestContextBootstrapper - Using TestExecutionListeners: [org.springframework.test.context.web.ServletTestExecutionListener@14c01636, org.springframework.test.context.support.DirtiesContextBeforeModesTestExecutionListener@590c73d3, org.springframework.test.context.event.ApplicationEventsTestExecutionListener@6b9ce1bf, org.springframework.boot.test.mock.mockito.MockitoTestExecutionListener@61884cb1, org.springframework.boot.test.autoconfigure.SpringBootDependencyInjectionTestExecutionListener@75ed9710, org.springframework.test.context.support.DirtiesContextTestExecutionListener@4fc5e095, org.springframework.test.context.transaction.TransactionalTestExecutionListener@435871cb, org.springframework.test.context.jdbc.SqlScriptsTestExecutionListener@609640d5, org.springframework.security.test.context.support.WithSecurityContextTestExecutionListener@79da1ec0, org.springframework.test.context.event.EventPublishingTestExecutionListener@19fb8826, org.springframework.security.test.context.support.ReactorContextTestExecutionListener@192d74fb, org.springframework.boot.test.autoconfigure.restdocs.RestDocsTestExecutionListener@4bef0fe3, org.springframework.boot.test.autoconfigure.web.client.MockRestServiceServerResetTestExecutionListener@62ea3440, org.springframework.boot.test.autoconfigure.web.servlet.MockMvcPrintOnlyOnFailureTestExecutionListener@27953a83, org.springframework.boot.test.autoconfigure.web.servlet.WebDriverTestExecutionListener@556d0826, org.springframework.boot.test.autoconfigure.webservices.client.MockWebServiceServerTestExecutionListener@66ce957f, org.springframework.boot.test.mock.mockito.ResetMocksTestExecutionListener@55b5f5d2]
17:23:47.828 [Test worker] DEBUG org.springframework.test.context.support.AbstractDirtiesContextTestExecutionListener - Before test class: context [DefaultTestContext@3918c187 testClass = SpringbootApplicationTests, testInstance = [null], testMethod = [null], testException = [null], mergedContextConfiguration = [WebMergedContextConfiguration@2c88b9fc testClass = SpringbootApplicationTests, locations = '{}', classes = '{class com.example.springboot.SpringbootApplication}', contextInitializerClasses = '[]', activeProfiles = '{}', propertySourceLocations = '{}', propertySourceProperties = '{org.springframework.boot.test.context.SpringBootTestContextBootstrapper=true}', contextCustomizers = set[org.springframework.boot.test.autoconfigure.actuate.metrics.MetricsExportContextCustomizerFactory$DisableMetricExportContextCustomizer@3688eb5b, org.springframework.boot.test.autoconfigure.properties.PropertyMappingContextCustomizer@0, org.springframework.boot.test.autoconfigure.web.servlet.WebDriverContextCustomizerFactory$Customizer@be68757, org.springframework.boot.test.context.filter.ExcludeFilterContextCustomizer@1f53a5dc, org.springframework.boot.test.json.DuplicateJsonObjectContextCustomizerFactory$DuplicateJsonObjectContextCustomizer@3bd323e9, org.springframework.boot.test.mock.mockito.MockitoContextCustomizer@0, org.springframework.boot.test.web.client.TestRestTemplateContextCustomizer@59a008ba, org.springframework.boot.test.context.SpringBootTestArgs@1, org.springframework.boot.test.context.SpringBootTestWebEnvironment@4c309d4d], resourceBasePath = 'src/main/webapp', contextLoader = 'org.springframework.boot.test.context.SpringBootContextLoader', parent = [null]], attributes = map['org.springframework.test.context.web.ServletTestExecutionListener.activateListener' -> true]], class annotated with @DirtiesContext [false] with mode [null].

  .   ____          _            __ _ _
 /\\ / ___'_ __ _ _(_)_ __  __ _ \ \ \ \
( ( )\___ | '_ | '_| | '_ \/ _` | \ \ \ \
 \\/  ___)| |_)| | | | | || (_| |  ) ) ) )
  '  |____| .__|_| |_|_| |_\__, | / / / /
 =========|_|==============|___/=/_/_/_/
 :: Spring Boot ::                (v2.6.7)

2022-05-14 17:23:48.159  INFO 2767 --- [    Test worker] c.e.s.SpringbootApplicationTests         : Starting SpringbootApplicationTests using Java 18.0.1 on MacBook-Pro-de-Rafael.local with PID 2767 (started by rdetoni in /Users/rdetoni/Code/Personal/springboot)
2022-05-14 17:23:48.159  INFO 2767 --- [    Test worker] c.e.s.SpringbootApplicationTests         : No active profile set, falling back to 1 default profile: "default"
2022-05-14 17:23:48.696  INFO 2767 --- [    Test worker] .s.d.r.c.RepositoryConfigurationDelegate : Bootstrapping Spring Data JPA repositories in DEFAULT mode.
2022-05-14 17:23:48.736  INFO 2767 --- [    Test worker] .s.d.r.c.RepositoryConfigurationDelegate : Finished Spring Data repository scanning in 35 ms. Found 1 JPA repository interfaces.
2022-05-14 17:23:49.217  INFO 2767 --- [    Test worker] o.hibernate.jpa.internal.util.LogHelper  : HHH000204: Processing PersistenceUnitInfo [name: default]
2022-05-14 17:23:49.284  INFO 2767 --- [    Test worker] org.hibernate.Version                    : HHH000412: Hibernate ORM core version 5.6.8.Final
2022-05-14 17:23:49.435  INFO 2767 --- [    Test worker] o.hibernate.annotations.common.Version   : HCANN000001: Hibernate Commons Annotations {5.1.2.Final}
2022-05-14 17:23:49.522  INFO 2767 --- [    Test worker] com.zaxxer.hikari.HikariDataSource       : HikariPool-1 - Starting...
2022-05-14 17:23:49.663  INFO 2767 --- [    Test worker] com.zaxxer.hikari.HikariDataSource       : HikariPool-1 - Start completed.
2022-05-14 17:23:49.679  INFO 2767 --- [    Test worker] org.hibernate.dialect.Dialect            : HHH000400: Using dialect: org.hibernate.dialect.H2Dialect
2022-05-14 17:23:50.280  INFO 2767 --- [    Test worker] o.h.e.t.j.p.i.JtaPlatformInitiator       : HHH000490: Using JtaPlatform implementation: [org.hibernate.engine.transaction.jta.platform.internal.NoJtaPlatform]
2022-05-14 17:23:50.287  INFO 2767 --- [    Test worker] j.LocalContainerEntityManagerFactoryBean : Initialized JPA EntityManagerFactory for persistence unit 'default'
2022-05-14 17:23:50.668  WARN 2767 --- [    Test worker] JpaBaseConfiguration$JpaWebConfiguration : spring.jpa.open-in-view is enabled by default. Therefore, database queries may be performed during view rendering. Explicitly configure spring.jpa.open-in-view to disable this warning
2022-05-14 17:23:50.919  INFO 2767 --- [    Test worker] o.s.b.a.h2.H2ConsoleAutoConfiguration    : H2 console available at '/h2-console'. Database available at 'jdbc:h2:mem:testdb'
2022-05-14 17:23:51.167  WARN 2767 --- [    Test worker] .s.s.UserDetailsServiceAutoConfiguration : 

Using generated security password: ab6f98e3-cedc-420a-9ac5-e1b5a665c8a2

This generated password is for development use only. Your security configuration must be updated before running your application in production.

2022-05-14 17:23:51.316  INFO 2767 --- [    Test worker] o.s.s.web.DefaultSecurityFilterChain     : Will secure any request with [org.springframework.security.web.context.request.async.WebAsyncManagerIntegrationFilter@1cc42abe, org.springframework.security.web.context.SecurityContextPersistenceFilter@16f2d883, org.springframework.security.web.header.HeaderWriterFilter@468eff41, org.springframework.security.web.csrf.CsrfFilter@2dd4a7a9, org.springframework.security.web.authentication.logout.LogoutFilter@64f49b3, org.springframework.security.web.authentication.UsernamePasswordAuthenticationFilter@f4c3e9, org.springframework.security.web.authentication.ui.DefaultLoginPageGeneratingFilter@2cd31214, org.springframework.security.web.authentication.ui.DefaultLogoutPageGeneratingFilter@6f071d0c, org.springframework.security.web.authentication.www.BasicAuthenticationFilter@2bbaf983, org.springframework.security.web.savedrequest.RequestCacheAwareFilter@69988d42, org.springframework.security.web.servletapi.SecurityContextHolderAwareRequestFilter@69ae7632, org.springframework.security.web.authentication.AnonymousAuthenticationFilter@138d978e, org.springframework.security.web.session.SessionManagementFilter@2b9370cc, org.springframework.security.web.access.ExceptionTranslationFilter@7eb94590, org.springframework.security.web.access.intercept.FilterSecurityInterceptor@35e3f3b8]
2022-05-14 17:23:51.390  INFO 2767 --- [    Test worker] c.e.s.SpringbootApplicationTests         : Started SpringbootApplicationTests in 3.541 seconds (JVM running for 4.277)
]]></system-out>
  <system-err><![CDATA[]]></system-err>
</testsuite>
